<?xml version="1.0" encoding="UTF-8" ?>
<testsuite errors="0" failures="1" hostname="pyrite-n1.cs.iastate.edu" name="TriangleTypeTest" skipped="0" tests="12" time="0.321" timestamp="2019-08-30T01:35:16">
  <properties>
[...]
</properties>
  <testcase classname="TriangleTypeTest" name="triangleTest[0]" time="0.026" />
  <testcase classname="TriangleTypeTest" name="triangleTest[1]" time="0.0" />
  <testcase classname="TriangleTypeTest" name="triangleTest[2]" time="0.0" />
  <testcase classname="TriangleTypeTest" name="triangleTest[3]" time="0.0" />
  <testcase classname="TriangleTypeTest" name="triangleTest[4]" time="0.0" />
  <testcase classname="TriangleTypeTest" name="triangleTest[5]" time="0.0" />
  <testcase classname="TriangleTypeTest" name="triangleTest[6]" time="0.0" />
  <testcase classname="TriangleTypeTest" name="triangleTest[7]" time="0.0" />
  <testcase classname="TriangleTypeTest" name="triangleTest[8]" time="0.047">
    <failure message="expected:&lt;SCALENE&gt; but was:&lt;ISOSCELES&gt;" type="junit.framework.AssertionFailedError">junit.framework.AssertionFailedError: expected:&lt;SCALENE&gt; but was:&lt;ISOSCELES&gt;
	at TriangleTypeTest.triangleTest(TriangleTypeTest.java:45)
</failure>
  </testcase>
  <testcase classname="TriangleTypeTest" name="triangleTest[9]" time="0.0" />
  <testcase classname="TriangleTypeTest" name="triangleTest[10]" time="0.0" />
  <testcase classname="TriangleTypeTest" name="triangleTest[11]" time="0.0" />
  <system-out><![CDATA[20:35:14,809 |-INFO in ch.qos.logback.classic.LoggerContext[default] - Could NOT find resource [logback.groovy]
20:35:14,817 |-INFO in ch.qos.logback.classic.LoggerContext[default] - Could NOT find resource [logback-test.xml]
20:35:14,826 |-INFO in ch.qos.logback.classic.LoggerContext[default] - Found resource [logback.xml] at [jar:file:/home/btrettin/417/activity1-417/cobertura-2.1.1/cobertura-2.1.1-sources.jar!/logback.xml]
20:35:14,842 |-WARN in ch.qos.logback.classic.LoggerContext[default] - Resource [logback.xml] occurs multiple times on the classpath.
20:35:14,842 |-WARN in ch.qos.logback.classic.LoggerContext[default] - Resource [logback.xml] occurs at [jar:file:/home/btrettin/417/activity1-417/cobertura-2.1.1/cobertura-2.1.1.jar!/logback.xml]
20:35:14,842 |-WARN in ch.qos.logback.classic.LoggerContext[default] - Resource [logback.xml] occurs at [jar:file:/home/btrettin/417/activity1-417/cobertura-2.1.1/cobertura-2.1.1-sources.jar!/logback.xml]
20:35:15,190 |-INFO in ch.qos.logback.core.joran.spi.ConfigurationWatchList@7f9a81e8 - URL [jar:file:/home/btrettin/417/activity1-417/cobertura-2.1.1/cobertura-2.1.1-sources.jar!/logback.xml] is not of type file
20:35:15,623 |-INFO in ch.qos.logback.classic.joran.action.ConfigurationAction - debug attribute not set
20:35:15,648 |-INFO in ch.qos.logback.core.joran.action.AppenderAction - About to instantiate appender of type [ch.qos.logback.core.ConsoleAppender]
20:35:15,787 |-INFO in ch.qos.logback.core.joran.action.AppenderAction - Naming appender as [STDOUT]
20:35:15,995 |-INFO in ch.qos.logback.core.joran.action.NestedComplexPropertyIA - Assuming default type [ch.qos.logback.classic.encoder.PatternLayoutEncoder] for [encoder] property
20:35:16,696 |-INFO in ch.qos.logback.classic.joran.action.LoggerAction - Setting level of logger [net.sourceforge.cobertura] to INFO
20:35:16,696 |-INFO in ch.qos.logback.classic.joran.action.RootLoggerAction - Setting level of ROOT logger to DEBUG
20:35:16,696 |-INFO in ch.qos.logback.core.joran.action.AppenderRefAction - Attaching appender named [STDOUT] to Logger[ROOT]
20:35:16,704 |-INFO in ch.qos.logback.classic.joran.action.ConfigurationAction - End of configuration.
20:35:16,713 |-INFO in ch.qos.logback.classic.joran.JoranConfigurator@9629756 - Registering current configuration as safe fallback point

]]></system-out>
  <system-err><![CDATA[]]></system-err>
</testsuite>
